<?xml version="1.0" encoding="UTF-8"?>
<!-- Generated by org.testng.reporters.JUnitReportReporter -->
<testsuite hostname="LAPTOP-JUFI96JT" failures="0" tests="1" name="Entrata.SeleniumProject.signInFunctionality" time="15.286" errors="0" timestamp="2024-03-03T16:18:59 IST" skipped="0">
  <testcase classname="Entrata.SeleniumProject.signInFunctionality" name="validateSignInFunctionality" time="15.286"/>
</testsuite> <!-- Entrata.SeleniumProject.signInFunctionality -->
