<?xml version="1.0" encoding="UTF-8"?>
<!-- Generated by org.testng.reporters.JUnitReportReporter -->
<testsuite hostname="LAPTOP-JUFI96JT" failures="0" tests="1" name="Entrata.SeleniumProject.validateFooterLinks" time="11.861" errors="0" timestamp="2024-03-03T16:19:19 IST" skipped="0">
  <testcase classname="Entrata.SeleniumProject.validateFooterLinks" name="validateTermsOfUseFooterLink" time="11.861"/>
</testsuite> <!-- Entrata.SeleniumProject.validateFooterLinks -->
