<?xml version="1.0" encoding="UTF-8"?>
<!-- Generated by org.testng.reporters.JUnitReportReporter -->
<testsuite hostname="LAPTOP-JUFI96JT" failures="0" tests="1" name="Entrata.SeleniumProject.validateEntrataLandingPageLogo" time="20.274" errors="0" timestamp="2024-03-03T16:48:05 IST" skipped="0">
  <testcase classname="Entrata.SeleniumProject.validateEntrataLandingPageLogo" name="validateEntrataLogo" time="20.274"/>
</testsuite> <!-- Entrata.SeleniumProject.validateEntrataLandingPageLogo -->
