<?xml version="1.0" encoding="UTF-8"?>
<!-- Generated by org.testng.reporters.JUnitReportReporter -->
<testsuite hostname="LAPTOP-JUFI96JT" failures="0" tests="1" name="Entrata.SeleniumProject.signInFunctionality" time="18.431" errors="0" timestamp="2024-03-03T15:25:30 IST" skipped="0">
  <testcase classname="Entrata.SeleniumProject.signInFunctionality" name="validateSignInFunctionality" time="18.431"/>
</testsuite> <!-- Entrata.SeleniumProject.signInFunctionality -->
